0 precision_0 0.9550812607722323
0 recall_0 0.9213835291643259
0 fscore_0 0.9376340487660768
0 precision_1 0.8514460750025762
0 recall_1 0.9197855183000296
0 fscore_1 0.8824412371035851
0 precision_2 0.838224301239465
0 recall_2 0.8515085774678021
0 fscore_2 0.830577713814133
1 precision_0 0.9286058398996178
1 recall_0 0.9439475737589055
1 fscore_0 0.9359367850006932
1 precision_1 0.9069596458800053
1 recall_1 0.8373260133751108
1 fscore_1 0.8685674245071582
1 precision_2 0.8441449722132248
1 recall_2 0.801206921561685
1 fscore_2 0.8118341775620934
2 precision_0 0.9438594178883544
2 recall_0 0.9304741350559614
2 fscore_0 0.9369293545380342
2 precision_1 0.8554359153406562
2 recall_1 0.9187681964601896
2 fscore_1 0.8848162627270144
2 precision_2 0.8437956570890411
2 recall_2 0.8424590275714867
2 fscore_2 0.8332166584443049
3 precision_0 0.9284289051211936
3 recall_0 0.9400631318334295
3 fscore_0 0.9338623179262354
3 precision_1 0.8781339024293302
3 recall_1 0.8458238155646768
3 fscore_1 0.8594071736676016
3 precision_2 0.8509296040937194
3 recall_2 0.8400665553449878
3 fscore_2 0.8367307367963266
14 precision_0 0.9047351116798046
14 recall_0 0.9490809125340312
14 fscore_0 0.9258579010811737
14 precision_1 0.9016944756416052
14 recall_1 0.7589112255594621
14 fscore_1 0.8187477444622648
14 precision_2 0.8583525651872081
14 recall_2 0.8120578433930566
14 fscore_2 0.8189490473911538
15 precision_0 0.9570344278933531
15 recall_0 0.9124615726203503
15 fscore_0 0.9340104904761378
15 precision_1 0.8447770912502585
15 recall_1 0.9131331650688073
15 fscore_1 0.8759864033303394
15 precision_2 0.87385989665242
15 recall_2 0.8097624681539635
15 fscore_2 0.8231989101842284